<?xml version="1.0" encoding="UTF-8"?>
<!-- Generated by org.testng.reporters.JUnitReportReporter -->
<testsuite hostname="User" failures="0" tests="2" name="step_definitions.LogInFunctionalityTest" time="50.238" errors="0" timestamp="2020-12-11T19:52:32 EST" skipped="0">
  <testcase classname="step_definitions.LogInFunctionalityTest" name="positiveLoginFunctionalityTest" time="31.031"/>
  <system-out/>
  <testcase classname="step_definitions.LogInFunctionalityTest" name="negativeLoginFunctionalityTest" time="19.207"/>
  <system-out/>
</testsuite> <!-- step_definitions.LogInFunctionalityTest -->
